<?xml version="1.0" encoding="UTF-8"?>
<!-- Generated by org.testng.reporters.JUnitXMLReporter -->
<testsuite hostname="VAIO" name="BasicPackage" tests="13" failures="0" timestamp="20 May 2020 15:14:58 GMT" time="0.366" errors="0">
  <testcase name="mobileDuplexHomeLoan" time="0.053" classname="Basics.HomeLoan"/>
  <testcase name="mobileHomeLoan" time="0.007" classname="Basics.HomeLoan"/>
  <testcase name="mobileVillaHomeLoan" time="0.005" classname="Basics.HomeLoan"/>
  <testcase name="apiCarLoan" time="0.006" classname="Basics.CarLoan"/>
  <testcase name="mobileAudiLoan" time="0.023" classname="Basics.CarLoan"/>
  <testcase name="mobileBMWLoan" time="0.007" classname="Basics.CarLoan"/>
  <testcase name="mobileMaruthiLoan" time="0.014" classname="Basics.CarLoan"/>
  <testcase name="webCarLoan" time="0.003" classname="Basics.CarLoan"/>
  <testcase name="personalLoan" time="0.005" classname="Basics.DemoClass"/>
  <testcase name="demo" time="0.031" classname="Basics.FirstProgramTestNG"/>
  <testcase name="demo1" time="0.004" classname="Basics.FirstProgramTestNG"/>
  <testcase name="webHomeLoan" time="0.008" classname="Basics.HomeLoan"/>
  <testcase name="apiHomeLoan" time="0.011" classname="Basics.HomeLoan"/>
</testsuite> <!-- BasicPackage -->
